<?xml version="1.0" encoding="UTF-8"?>
<testsuite name="mk.ukim.finki.SILab2Test" tests="5" skipped="0" failures="0" errors="0" timestamp="2023-05-29T12:27:20" hostname="BOJ-BOJ-LT" time="0.077">
  <properties/>
  <testcase name="everyBranch1()" classname="mk.ukim.finki.SILab2Test" time="0.055"/>
  <testcase name="everyBranch2()" classname="mk.ukim.finki.SILab2Test" time="0.003"/>
  <testcase name="everyBranch3()" classname="mk.ukim.finki.SILab2Test" time="0.002"/>
  <testcase name="everyBranch4()" classname="mk.ukim.finki.SILab2Test" time="0.002"/>
  <testcase name="exceptionTest()" classname="mk.ukim.finki.SILab2Test" time="0.004"/>
  <system-out><![CDATA[]]></system-out>
  <system-err><![CDATA[]]></system-err>
</testsuite>
